<?xml version="1.0" encoding="UTF-8"?>
<testng-results skipped="0" failed="0" ignored="0" total="1" passed="1">
  <reporter-output>
  </reporter-output>
  <suite name="Default suite" duration-ms="37" started-at="2019-12-11T06:14:42Z" finished-at="2019-12-11T06:14:42Z">
    <groups>
    </groups>
    <test name="Default test" duration-ms="37" started-at="2019-12-11T06:14:42Z" finished-at="2019-12-11T06:14:42Z">
      <class name="com.autodesk.crm.campaigntest.CreateCampaignTest">
        <test-method status="PASS" signature="createCampaginTest()[pri:0, instance:com.autodesk.crm.campaigntest.CreateCampaignTest@26653222]" name="createCampaginTest" duration-ms="9" started-at="2019-12-11T06:14:42Z" finished-at="2019-12-11T06:14:42Z">
          <reporter-output>
          </reporter-output>
        </test-method> <!-- createCampaginTest -->
      </class> <!-- com.autodesk.crm.campaigntest.CreateCampaignTest -->
    </test> <!-- Default test -->
  </suite> <!-- Default suite -->
</testng-results>
